exit_code: 0
---- stderr ----
Permission deny rule "MultiEdit" matches no known tool — check for typos.
---- stdout(head) ----
원문 확정했다. **추측 아니라 실측 결과**, 이 다이제스트는 이대로 카드로 만들면 안 된다.

## 🚫 카드 제작 중단 — 발언 주체가 통째로 뒤바뀐 허위사실

**한국일보 원문 확인 결과(WebFetch):**
- "부처 눈엔 부처, 돼지 눈엔 돼지" 발언자 = **이재명 대통령** ✅
- "호남에도 물은 충분하다" 반박자 = **이재명 대통령** ✅
- 한동훈·안철수 = **원문에 아예 없음**(다이제스트가 뉴스1·경향 등 교차 매체에서 야권 반응으로 보강한 것)

**그런데 이 다이제스트는:**

| 구간 | 발언 주체 | 상태 |
|---|---|---|
| Fact / 자유요약 / 원문 | **이재명 대통령** | ✅ 정확 |
| **IG / Thread** | **한동훈** | ❌ 왜곡 |

IG·Thread는 이재명 대통령이 한 발언·행동(반박·"돼지 눈엔 돼지"·"물 충분"·두 번째 글)을 **전부 한동훈이 한 걸로** 바꿔놨다. 제목부터 "한동훈 '돼지 눈엔 돼지'". 정작 한동훈은 Fact상 이 사업을 **비판한 야당 인사**다 — 발언자(여권)와 비판자(야권)가 완전히 뒤집힌 **실존 정치인 2명에 대한 허위사실**.

내부 모순도 명백: IG/Thread가 "야권은 직권남용 고발"이라면서 동시에 야권 인사 한동훈이 정부 입장("물 충분")을 옹호한다고 함 — 앞뒤가 안 맞는다.

**원인** (자백이 남아 있음): IG 편향 게이지 코멘트에 *"'대통령' 호칭을 '한동훈'으로 객관화"*. `2d325b9c revise: … IG/Thread 수정 반영` 커밋에서 **약우(7/10)로 보정한답시고 발언 주체를 갈아치움**. 약우 보정은 "야권 반론 부각"이지 "발언자 교체"가 아니다 — 이건 객관화가 아니라 사실 왜곡(절대 우선 룰 위반).

---

**어떻게 할까:**

- **A) 다이제스트부터 바로잡고 카드 제작** 〔권장〕 — queue의 .md에서 IG/Thread 발언 주체를 이재명 대통령으로 정정(git 수정 모드 + check_refs) → 뷰어 오염 제거 → 그 뒤 카드뉴스 제작. 근본 해결.
- **B) 카드만 정확본으로** — 다이제스트는 두고 Fact/자유요약(이재명 대통령) 기준으로 카드뉴스만 제작. 단 뷰어의 잘못된 IG/Thread는 그대로 남아 같이 발행됨.
- **C) 중단** — 카드 안 만들고 끝.

